{"name": "Verify that iPhone 12 button on the Iphone Item drop down is not clickable", "status": "broken", "statusDetails": {"message": "selenium.common.exceptions.TimeoutException: Message: iPhone 12 btn not clickable\n\n", "trace": "  File \"C:\\Users\\EZ-Trainer\\Desktop\\Internship_Project\\venv\\lib\\site-packages\\behave\\model.py\", line 1329, in run\n    match.run(runner.context)\n  File \"C:\\Users\\EZ-Trainer\\Desktop\\Internship_Project\\venv\\lib\\site-packages\\behave\\matchers.py\", line 98, in run\n    self.func(context, *args, **kwargs)\n  File \"features\\steps\\getTop_main_page_steps.py\", line 68, in verify_click_iPhone12\n    context.driver.wait.until(EC.url_contains('https://gettop.us/product/ipad/'), 'iPhone 12 btn not clickable')\n  File \"C:\\Users\\EZ-Trainer\\Desktop\\Internship_Project\\venv\\lib\\site-packages\\selenium\\webdriver\\support\\wait.py\", line 90, in until\n    raise TimeoutException(message, screen, stacktrace)\n"}, "steps": [{"name": "Given Open GitTop page", "status": "passed", "start": 1658240458582, "stop": 1658240460944}, {"name": "When Hover over IPHONE link", "status": "passed", "start": 1658240460945, "stop": 1658240461435}, {"name": "And Click on iPhone 12 button", "status": "passed", "start": 1658240461435, "stop": 1658240462681}, {"name": "Then Verify user can click iPhone 12 button", "status": "broken", "statusDetails": {"message": "selenium.common.exceptions.TimeoutException: Message: iPhone 12 btn not clickable\n\n", "trace": "  File \"C:\\Users\\EZ-Trainer\\Desktop\\Internship_Project\\venv\\lib\\site-packages\\behave\\model.py\", line 1329, in run\n    match.run(runner.context)\n  File \"C:\\Users\\EZ-Trainer\\Desktop\\Internship_Project\\venv\\lib\\site-packages\\behave\\matchers.py\", line 98, in run\n    self.func(context, *args, **kwargs)\n  File \"features\\steps\\getTop_main_page_steps.py\", line 68, in verify_click_iPhone12\n    context.driver.wait.until(EC.url_contains('https://gettop.us/product/ipad/'), 'iPhone 12 btn not clickable')\n  File \"C:\\Users\\EZ-Trainer\\Desktop\\Internship_Project\\venv\\lib\\site-packages\\selenium\\webdriver\\support\\wait.py\", line 90, in until\n    raise TimeoutException(message, screen, stacktrace)\n"}, "attachments": [{"name": "Verify user can click iPhone 12 button.png", "source": "40fa1d79-4607-428a-a083-d61fda262435-attachment.png", "type": "image/png"}], "start": 1658240462682, "stop": 1658240476031}], "start": 1658240454862, "stop": 1658240477099, "uuid": "96567533-811f-4d35-ba44-6984cad5a3c8", "historyId": "89cb588d793038e0f815b60f8e5b6579", "fullName": "Tests for iPhone Link Functionality: Verify that iPhone 12 button on the Iphone Item drop down is not clickable", "labels": [{"name": "severity", "value": "normal"}, {"name": "feature", "value": "Tests for iPhone Link Functionality"}, {"name": "framework", "value": "behave"}, {"name": "language", "value": "cpython3"}]}