{"name": "Verify that iPhone 12 button on the Iphone Item drop down is not clickable", "status": "broken", "statusDetails": {"message": "selenium.common.exceptions.TimeoutException: Message: iPhone 12 btn not clickable\n\n", "trace": "  File \"C:\\Users\\EZ-Trainer\\Desktop\\Internship_Project\\venv\\lib\\site-packages\\behave\\model.py\", line 1329, in run\n    match.run(runner.context)\n  File \"C:\\Users\\EZ-Trainer\\Desktop\\Internship_Project\\venv\\lib\\site-packages\\behave\\matchers.py\", line 98, in run\n    self.func(context, *args, **kwargs)\n  File \"features\\steps\\getTop_main_page_steps.py\", line 68, in verify_click_iPhone12\n    context.driver.wait.until(EC.url_contains('https://gettop.us/product/ipad/'), 'iPhone 12 btn not clickable')\n  File \"C:\\Users\\EZ-Trainer\\Desktop\\Internship_Project\\venv\\lib\\site-packages\\selenium\\webdriver\\support\\wait.py\", line 90, in until\n    raise TimeoutException(message, screen, stacktrace)\n"}, "steps": [{"name": "Given Open GitTop page", "status": "passed", "start": 1658295236225, "stop": 1658295244632}, {"name": "When Hover over IPHONE link", "status": "passed", "start": 1658295244633, "stop": 1658295245204}, {"name": "And Click on iPhone 12 button", "status": "passed", "start": 1658295245205, "stop": 1658295245800}, {"name": "Then Verify user can click iPhone 12 button", "status": "broken", "statusDetails": {"message": "selenium.common.exceptions.TimeoutException: Message: iPhone 12 btn not clickable\n\n", "trace": "  File \"C:\\Users\\EZ-Trainer\\Desktop\\Internship_Project\\venv\\lib\\site-packages\\behave\\model.py\", line 1329, in run\n    match.run(runner.context)\n  File \"C:\\Users\\EZ-Trainer\\Desktop\\Internship_Project\\venv\\lib\\site-packages\\behave\\matchers.py\", line 98, in run\n    self.func(context, *args, **kwargs)\n  File \"features\\steps\\getTop_main_page_steps.py\", line 68, in verify_click_iPhone12\n    context.driver.wait.until(EC.url_contains('https://gettop.us/product/ipad/'), 'iPhone 12 btn not clickable')\n  File \"C:\\Users\\EZ-Trainer\\Desktop\\Internship_Project\\venv\\lib\\site-packages\\selenium\\webdriver\\support\\wait.py\", line 90, in until\n    raise TimeoutException(message, screen, stacktrace)\n"}, "attachments": [{"name": "Verify user can click iPhone 12 button.png", "source": "1014bada-3e86-4e9a-b520-27c2b8d9e2d4-attachment.png", "type": "image/png"}], "start": 1658295245800, "stop": 1658295258612}], "start": 1658295228965, "stop": 1658295259573, "uuid": "89b94757-3924-4b71-a979-162191e02418", "historyId": "89cb588d793038e0f815b60f8e5b6579", "fullName": "Tests for iPhone Link Functionality: Verify that iPhone 12 button on the Iphone Item drop down is not clickable", "labels": [{"name": "severity", "value": "normal"}, {"name": "feature", "value": "Tests for iPhone Link Functionality"}, {"name": "framework", "value": "behave"}, {"name": "language", "value": "cpython3"}]}